[2021-09-27 17:40:27] Up2payInstall.INFO: Start install process [] []
[2021-09-27 17:40:27] Up2payInstall.INFO: Configuration meets technical requirements [] []
[2021-09-27 17:40:27] Up2payInstall.INFO: Register module on paymentOptions [] []
[2021-09-27 17:40:27] Up2payInstall.INFO: Register module on orderConfirmation [] []
[2021-09-27 17:40:27] Up2payInstall.INFO: Register module on displayAdminOrderLeft [] []
[2021-09-27 17:40:27] Up2payInstall.INFO: Register module on displayAdminOrderMainBottom [] []
[2021-09-27 17:40:27] Up2payInstall.INFO: Register module on displayHeader [] []
[2021-09-27 17:40:27] Up2payInstall.INFO: Register module on displayPaymentByBinaries [] []
[2021-09-27 17:40:27] Up2payInstall.INFO: Register module on actionOrderStatusPostUpdate [] []
[2021-09-27 17:40:27] Up2payInstall.INFO: Register module on displayBackOfficeFooter [] []
[2021-09-27 17:40:27] Up2payInstall.INFO: Register module on actionFrontControllerSetMedia [] []
[2021-09-27 17:40:27] Up2payInstall.INFO: Register module on actionAdminControllerSetMedia [] []
[2021-09-27 17:40:27] Up2payInstall.INFO: Register module on customerAccount [] []
[2021-09-27 17:40:27] Up2payInstall.INFO: Database updated [] []
[2021-09-27 17:40:27] Up2payInstall.INFO: Creating order status PBX_AWAITING_CAPTURE_STATUS [] []
[2021-09-27 17:40:27] Up2payInstall.INFO: Order status PBX_AWAITING_CAPTURE_STATUS created. [] []
[2021-09-27 17:40:27] Up2payInstall.INFO: Creating order status PBX_PARTIALLY_REFUNDED_STATUS [] []
[2021-09-27 17:40:27] Up2payInstall.INFO: Order status PBX_PARTIALLY_REFUNDED_STATUS created. [] []
[2021-09-27 17:40:27] Up2payInstall.INFO: Default configuration loaded [] []
[2021-09-27 17:40:27] Up2payInstall.INFO: Module installed successfully [] []
